{"/Users/catherineyemelyanenka/work/interview/react_monorepo/packages/components-typescript/src/react-app-env.d.ts": {"path":"/Users/catherineyemelyanenka/work/interview/react_monorepo/packages/components-typescript/src/react-app-env.d.ts","statementMap":{},"fnMap":{},"branchMap":{},"s":{},"f":{},"b":{},"hash":"638cf3c1a54b8d6e89fc96c7108e9a36e87f0e89"}
,"/Users/catherineyemelyanenka/work/interview/react_monorepo/packages/components-typescript/src/CompOne/CompOne.tsx": {"path":"/Users/catherineyemelyanenka/work/interview/react_monorepo/packages/components-typescript/src/CompOne/CompOne.tsx","statementMap":{"0":{"start":{"line":4,"column":26},"end":{"line":15,"column":1}},"1":{"start":{"line":5,"column":2},"end":{"line":14,"column":4}}},"fnMap":{"0":{"name":"(anonymous_0)","decl":{"start":{"line":4,"column":26},"end":{"line":4,"column":27}},"loc":{"start":{"line":4,"column":32},"end":{"line":15,"column":1}},"line":4}},"branchMap":{},"s":{"0":1,"1":1},"f":{"0":1},"b":{},"_coverageSchema":"43e27e138ebf9cfc5966b082cf9a028302ed4184","hash":"7c63e57e2a18026c2375680800c7e8e30d17f6f8"}
,"/Users/catherineyemelyanenka/work/interview/react_monorepo/packages/components-typescript/src/CompOne/index.tsx": {"path":"/Users/catherineyemelyanenka/work/interview/react_monorepo/packages/components-typescript/src/CompOne/index.tsx","statementMap":{},"fnMap":{},"branchMap":{},"s":{},"f":{},"b":{},"_coverageSchema":"43e27e138ebf9cfc5966b082cf9a028302ed4184","hash":"181e297f2c0900b8b24dd21fbc9e409c8f6501c8"}
,"/Users/catherineyemelyanenka/work/interview/react_monorepo/packages/components-typescript/src/CompTwo/CompTwo.tsx": {"path":"/Users/catherineyemelyanenka/work/interview/react_monorepo/packages/components-typescript/src/CompTwo/CompTwo.tsx","statementMap":{"0":{"start":{"line":4,"column":26},"end":{"line":15,"column":1}},"1":{"start":{"line":5,"column":2},"end":{"line":14,"column":4}}},"fnMap":{"0":{"name":"(anonymous_0)","decl":{"start":{"line":4,"column":26},"end":{"line":4,"column":27}},"loc":{"start":{"line":4,"column":32},"end":{"line":15,"column":1}},"line":4}},"branchMap":{},"s":{"0":1,"1":1},"f":{"0":1},"b":{},"_coverageSchema":"43e27e138ebf9cfc5966b082cf9a028302ed4184","hash":"f86959b44785a42af21ff91df5b7b9f5483f115f"}
,"/Users/catherineyemelyanenka/work/interview/react_monorepo/packages/components-typescript/src/CompTwo/index.tsx": {"path":"/Users/catherineyemelyanenka/work/interview/react_monorepo/packages/components-typescript/src/CompTwo/index.tsx","statementMap":{},"fnMap":{},"branchMap":{},"s":{},"f":{},"b":{},"_coverageSchema":"43e27e138ebf9cfc5966b082cf9a028302ed4184","hash":"1db61705798e973fea3d567e27cc7b39fb385931"}
}
