TN:
SF:/Users/catherineyemelyanenka/work/interview/react_monorepo/packages/components-typescript/src/react-app-env.d.ts
FNF:0
FNH:0
LF:0
LH:0
BRF:0
BRH:0
end_of_record
TN:
SF:/Users/catherineyemelyanenka/work/interview/react_monorepo/packages/components-typescript/src/CompOne/CompOne.tsx
FN:4,(anonymous_0)
FNF:1
FNH:1
FNDA:1,(anonymous_0)
DA:4,1
DA:5,1
LF:2
LH:2
BRF:0
BRH:0
end_of_record
TN:
SF:/Users/catherineyemelyanenka/work/interview/react_monorepo/packages/components-typescript/src/CompOne/index.tsx
FNF:0
FNH:0
LF:0
LH:0
BRF:0
BRH:0
end_of_record
TN:
SF:/Users/catherineyemelyanenka/work/interview/react_monorepo/packages/components-typescript/src/CompTwo/CompTwo.tsx
FN:4,(anonymous_0)
FNF:1
FNH:1
FNDA:1,(anonymous_0)
DA:4,1
DA:5,1
LF:2
LH:2
BRF:0
BRH:0
end_of_record
TN:
SF:/Users/catherineyemelyanenka/work/interview/react_monorepo/packages/components-typescript/src/CompTwo/index.tsx
FNF:0
FNH:0
LF:0
LH:0
BRF:0
BRH:0
end_of_record
